[0m2021.11.21 17:04:22 INFO  Started: Metals version 0.10.9 in workspace '/home/rysiek/TeoriaWspolbieznosci' for client Visual Studio Code 1.62.3.[0m
[0m2021.11.21 17:04:24 INFO  time: initialize in 2.21s[0m
[0m2021.11.21 17:04:24 WARN  Build server is not auto-connectable.[0m
[0m2021.11.21 17:04:24 WARN  no build tool detected in workspace '/home/rysiek/TeoriaWspolbieznosci'. The most common cause for this problem is that the editor was opened in the wrong working directory, for example if you use sbt then the workspace directory should contain build.sbt. [0m
[0m2021.11.21 17:04:25 WARN  no build target for: /home/rysiek/TeoriaWspolbieznosci/lab5/lab5/src/main/scala/GaussElimination.scala[0m
[0m2021.11.21 17:04:30 INFO  no build target: using presentation compiler with only scala-library: 3.1.0[0m
[0m2021.11.21 17:04:37 WARN  no build target for: /home/rysiek/TeoriaWspolbieznosci/lab5/lab5/src/main/scala/GaussElimination.scala[0m
Nov 21, 2021 5:04:37 PM org.eclipse.lsp4j.jsonrpc.RemoteEndpoint handleCancellation
WARNING: Unmatched cancel notification for request id 12
Nov 21, 2021 5:04:37 PM org.eclipse.lsp4j.jsonrpc.RemoteEndpoint handleCancellation
WARNING: Unmatched cancel notification for request id 14
Nov 21, 2021 5:04:37 PM org.eclipse.lsp4j.jsonrpc.RemoteEndpoint handleCancellation
WARNING: Unmatched cancel notification for request id 15
Nov 21, 2021 5:04:37 PM org.eclipse.lsp4j.jsonrpc.RemoteEndpoint handleCancellation
WARNING: Unmatched cancel notification for request id 18
Nov 21, 2021 5:04:37 PM org.eclipse.lsp4j.jsonrpc.RemoteEndpoint handleCancellation
WARNING: Unmatched cancel notification for request id 19
Nov 21, 2021 5:04:37 PM org.eclipse.lsp4j.jsonrpc.RemoteEndpoint handleCancellation
WARNING: Unmatched cancel notification for request id 25
Nov 21, 2021 5:04:37 PM org.eclipse.lsp4j.jsonrpc.RemoteEndpoint handleCancellation
WARNING: Unmatched cancel notification for request id 27
[0m2021.11.21 17:04:38 WARN  no build target for: /home/rysiek/TeoriaWspolbieznosci/lab5/lab5/src/main/scala/GaussElimination.scala[0m
[0m2021.11.21 17:04:39 INFO  time: code lens generation in 12s[0m
[0m2021.11.21 17:04:39 INFO  time: code lens generation in 6.76s[0m
[0m2021.11.21 17:04:39 INFO  time: code lens generation in 1.96s[0m
[0m2021.11.21 17:04:39 INFO  time: code lens generation in 1.95s[0m
[0m2021.11.21 17:04:39 INFO  time: code lens generation in 1.99s[0m
[0m2021.11.21 17:04:39 INFO  time: code lens generation in 7.87s[0m
[0m2021.11.21 17:04:39 INFO  time: code lens generation in 2.02s[0m
[0m2021.11.21 17:04:39 INFO  time: code lens generation in 1.17s[0m
[0m2021.11.21 17:04:48 WARN  no build target for: /home/rysiek/TeoriaWspolbieznosci/lab5/lab5/src/main/scala/GaussElimination.scala[0m
[0m2021.11.21 17:04:55 WARN  no build target for: /home/rysiek/TeoriaWspolbieznosci/lab5/lab5/src/main/scala/GaussElimination.scala[0m
[0m2021.11.21 17:04:58 WARN  no build target for: /home/rysiek/TeoriaWspolbieznosci/lab5/lab5/src/main/scala/GaussElimination.scala[0m
[0m2021.11.21 17:05:04 WARN  no build target for: /home/rysiek/TeoriaWspolbieznosci/lab5/lab5/src/main/scala/GaussElimination.scala[0m
[0m2021.11.21 17:05:05 WARN  no build target for: /home/rysiek/TeoriaWspolbieznosci/lab5/lab5/src/main/scala/GaussElimination.scala[0m
[0m2021.11.21 17:05:07 WARN  no build target for: /home/rysiek/TeoriaWspolbieznosci/lab5/lab5/src/main/scala/GaussElimination.scala[0m
[0m2021.11.21 17:05:09 WARN  no build target for: /home/rysiek/TeoriaWspolbieznosci/lab5/lab5/src/main/scala/GaussElimination.scala[0m
[0m2021.11.21 17:05:16 WARN  no build target for: /home/rysiek/TeoriaWspolbieznosci/lab5/lab5/src/main/scala/GaussElimination.scala[0m
[0m2021.11.21 17:05:19 WARN  no build target for: /home/rysiek/TeoriaWspolbieznosci/lab5/lab5/src/main/scala/GaussElimination.scala[0m
[0m2021.11.21 17:05:20 WARN  no build target for: /home/rysiek/TeoriaWspolbieznosci/lab5/lab5/src/main/scala/GaussElimination.scala[0m
[0m2021.11.21 17:05:22 WARN  no build target for: /home/rysiek/TeoriaWspolbieznosci/lab5/lab5/src/main/scala/GaussElimination.scala[0m
[0m2021.11.21 17:05:28 WARN  no build target for: /home/rysiek/TeoriaWspolbieznosci/lab5/lab5/src/main/scala/GaussElimination.scala[0m
[0m2021.11.21 17:05:31 WARN  no build target for: /home/rysiek/TeoriaWspolbieznosci/lab5/lab5/src/main/scala/GaussElimination.scala[0m
[0m2021.11.21 17:05:33 WARN  no build target for: /home/rysiek/TeoriaWspolbieznosci/lab5/lab5/src/main/scala/GaussElimination.scala[0m
Nov 21, 2021 5:05:56 PM org.eclipse.lsp4j.jsonrpc.services.GenericEndpoint notify
INFO: Unsupported notification method: $/setTrace
[0m2021.11.21 17:06:28 WARN  no build target for: /home/rysiek/TeoriaWspolbieznosci/lab5/lab5/src/main/scala/GaussElimination.scala[0m
[0m2021.11.21 17:06:32 WARN  no build target for: /home/rysiek/TeoriaWspolbieznosci/lab5/lab5/src/main/scala/GaussElimination.scala[0m
[0m2021.11.21 17:08:10 INFO  shutting down Metals[0m
[0m2021.11.21 22:14:55 INFO  Started: Metals version 0.10.9 in workspace '/home/rysiek/TeoriaWspolbieznosci' for client Visual Studio Code 1.62.3.[0m
[0m2021.11.21 22:14:57 INFO  time: initialize in 1.92s[0m
[0m2021.11.21 22:14:57 WARN  Build server is not auto-connectable.[0m
[0m2021.11.21 22:14:57 WARN  no build tool detected in workspace '/home/rysiek/TeoriaWspolbieznosci'. The most common cause for this problem is that the editor was opened in the wrong working directory, for example if you use sbt then the workspace directory should contain build.sbt. [0m
[0m2021.11.21 22:14:58 WARN  no build target for: /home/rysiek/TeoriaWspolbieznosci/lab5/lab5/src/main/scala/GaussElimination.scala[0m
[0m2021.11.21 22:15:01 INFO  no build target: using presentation compiler with only scala-library: 3.1.0[0m
[0m2021.11.21 22:15:05 INFO  time: code lens generation in 6.94s[0m
Nov 21, 2021 10:15:38 PM org.eclipse.lsp4j.jsonrpc.services.GenericEndpoint notify
INFO: Unsupported notification method: $/setTrace
